\BOOKMARK [1][-]{section.1}{\376\377\000E\000i\000n\000f\000\374\000h\000r\000u\000n\000g}{}% 1
\BOOKMARK [2][-]{subsection.1.1}{Danksagung}{section.1}% 2
\BOOKMARK [2][-]{subsection.1.2}{Allgemeine\040Anmerkungen}{section.1}% 3
\BOOKMARK [2][-]{subsection.1.3}{Das\040Sanskrit-Manuskript}{section.1}% 4
\BOOKMARK [3][-]{subsubsection.1.3.1}{\376\377\000N\000o\000t\000i\000z\000\040\000z\000u\000\040\000w\000e\000i\000t\000e\000r\000e\000n\000\040\000G\000o\000r\000a\000k\036\143\000a\000y\000o\000g\000a\001\133\001\001\000s\000t\000r\000a\000s\000\040\000u\000n\000d\000\040\000T\000a\000t\000t\000v\000a\000s\001\001\000r\000a\000s}{subsection.1.3}% 5
\BOOKMARK [2][-]{subsection.1.4}{Orthographie}{section.1}% 6
\BOOKMARK [2][-]{subsection.1.5}{Buchstaben\040und\040Zahlensymbole\040von\040Manuskript\040NGMPP\040A\0401333/22\040bzw.\040B\04022/44}{section.1}% 7
\BOOKMARK [3][-]{subsubsection.1.5.1}{Das\040Alphabet}{subsection.1.5}% 8
\BOOKMARK [3][-]{subsubsection.1.5.2}{Konsonanten\040mit\040Vokalen}{subsection.1.5}% 9
\BOOKMARK [3][-]{subsubsection.1.5.3}{Verschiedene\040Ligaturen}{subsection.1.5}% 10
\BOOKMARK [3][-]{subsubsection.1.5.4}{Zeichen}{subsection.1.5}% 11
\BOOKMARK [3][-]{subsubsection.1.5.5}{Zahlen\0401-10}{subsection.1.5}% 12
\BOOKMARK [2][-]{subsection.1.6}{Das\040Metrum}{section.1}% 13
\BOOKMARK [2][-]{subsection.1.7}{Datierung}{section.1}% 14
\BOOKMARK [1][-]{section.2}{Editorische\040Methode}{}% 15
\BOOKMARK [2][-]{subsection.2.1}{Anmerkungen\040zur\040diplomatischen\040Edition}{section.2}% 16
\BOOKMARK [2][-]{subsection.2.2}{Anmerkungen\040zur\040kritischen\040Edition}{section.2}% 17
\BOOKMARK [2][-]{subsection.2.3}{\376\377\000A\000n\000m\000e\000r\000k\000u\000n\000g\000e\000n\000\040\000z\000u\000r\000\040\000\334\000b\000e\000r\000s\000e\000t\000z\000u\000n\000g}{section.2}% 18
\BOOKMARK [1][-]{section.3}{\376\377\000D\000i\000e\000\040\000T\000e\000x\000t\000e\000\040\000d\000e\000s\000\040\000k\000r\000i\000t\000i\000s\000c\000h\000e\000n\000\040\000A\000p\000p\000a\000r\000a\000t\000e\000s\000\040\000u\000n\000d\000\040\000d\000e\000r\000e\000n\000\040\000R\000e\000l\000a\000t\000i\000o\000n\000\040\000z\000u\000m\000\040\000G\000Y\001\132}{}% 19
\BOOKMARK [2][-]{subsection.3.1}{\376\377\000A\000m\036\133\000t\000a\000s\000i\000d\000d\000h\000i}{section.3}% 20
\BOOKMARK [3][-]{subsubsection.3.1.1}{Anmerkung\040zum\040Kolophon}{subsection.3.1}% 21
\BOOKMARK [3][-]{subsubsection.3.1.2}{\376\377\000D\000i\000e\000\040\000V\000a\000j\000r\000a\000y\001\001\000n\000a\000-\001\132\000a\000i\000v\000a\000\040\000S\000y\000n\000t\000h\000e\000s\000e\000\040\000i\000m\000\040\000G\000Y\001\132}{subsection.3.1}% 22
\BOOKMARK [3][-]{subsubsection.3.1.3}{\376\377\000D\000i\000e\000\040\001\132\000a\000i\000v\000a\000-\000E\000l\000e\000m\000e\000n\000t\000e\000\040\000d\000e\000s\000\040\000G\000Y\001\132}{subsection.3.1}% 23
\BOOKMARK [3][-]{subsubsection.3.1.4}{Granthis\040und\040Cakras}{subsection.3.1}% 24
\BOOKMARK [3][-]{subsubsection.3.1.5}{\376\377\000B\000a\000n\000d\000h\000a\000s\000\040\000u\000n\000d\000\040\000P\001\053\036\155\000h\000a\000s}{subsection.3.1}% 25
\BOOKMARK [3][-]{subsubsection.3.1.6}{\376\377\000D\000i\000s\000k\000u\000s\000s\000i\000o\000n\000\040\000K\001\001\000m\000a\000r\001\153\000p\000a}{subsection.3.1}% 26
\BOOKMARK [3][-]{subsubsection.3.1.7}{\376\377\000T\000a\000t\000t\000v\000a\000s\000\040\000u\000n\000d\000\040\001\052\001\133\000v\000a\000r\000a}{subsection.3.1}% 27
\BOOKMARK [3][-]{subsubsection.3.1.8}{\376\377\001\132\001\153\000n\000y\000a\000-\000b\000a\000s\000i\000e\000r\000t\000e\000\040\000M\000e\000d\000i\000t\000a\000t\000i\000o\000n\000s\000f\000o\000r\000m\000e\000n\000\040\000d\000e\000r\000\040\001\132\000a\000i\000v\000a\000-\000L\000i\000t\000e\000r\000a\000t\000u\000r}{subsection.3.1}% 28
\BOOKMARK [3][-]{subsubsection.3.1.9}{\376\377\000A\000s\000k\000e\000t\000e\000n\000\040\000u\000n\000d\000\040\000H\000a\000u\000s\000h\000\344\000l\000t\000e\000r}{subsection.3.1}% 29
\BOOKMARK [3][-]{subsubsection.3.1.10}{\376\377\000T\000a\000b\000e\000l\000l\000e\000:\000\040\000P\000a\000r\000a\000l\000l\000e\000l\000e\000n\000\040\000z\000w\000i\000s\000c\000h\000e\000n\000\040\000A\000S\000\040\000u\000n\000d\000\040\000G\000Y\001\132}{subsection.3.1}% 30
\BOOKMARK [2][-]{subsection.3.2}{\376\377\000P\000r\001\001\036\107\000a\000t\000o\036\143\000i\000n\001\053}{section.3}% 31
\BOOKMARK [2][-]{subsection.3.3}{\376\377\000D\000h\000y\001\001\000n\000a\000b\000i\000n\000d\000u\000\040\000U\000p\000a\000n\000i\036\143\000a\000d}{section.3}% 32
\BOOKMARK [2][-]{subsection.3.4}{\376\377\001\132\001\001\000r\036\105\000g\000a\000d\000h\000a\000r\000a\000p\000a\000d\000d\000h\000a\000t\000i}{section.3}% 33
\BOOKMARK [2][-]{subsection.3.5}{\376\377\001\132\000i\000v\000a\000s\000a\036\103\000h\000i\000t\001\001}{section.3}% 34
\BOOKMARK [2][-]{subsection.3.6}{Anmerkung\040zu\040weiteren\040geringeren\040Zeugen}{section.3}% 35
\BOOKMARK [1][-]{section.4}{\376\377\000K\000o\000n\000v\000e\000n\000t\000i\000o\000n\000e\000n\000\040\000u\000n\000d\000\040\000A\000b\000k\000\374\000r\000z\000u\000n\000g\000e\000n}{}% 36
\BOOKMARK [2][-]{subsection.4.1}{Redaktionelle\040Zeichen}{section.4}% 37
\BOOKMARK [2][-]{subsection.4.2}{\376\377\000K\000o\000n\000v\000e\000n\000t\000i\000o\000n\000e\000n\000\040\000f\000\374\000r\000\040\000d\000e\000n\000\040\000k\000r\000i\000t\000i\000s\000c\000h\000e\000n\000\040\000T\000e\000x\000t}{section.4}% 38
\BOOKMARK [2][-]{subsection.4.3}{Kennzeichnung\040der\040geringeren\040Zeugen}{section.4}% 39
\BOOKMARK [2][-]{subsection.4.4}{Sigla\040der\040Zeugen\040im\040kritischen\040Apparatus}{section.4}% 40
\BOOKMARK [2][-]{subsection.4.5}{\376\377\000A\000b\000k\000\374\000r\000z\000u\000n\000g\000e\000n\000\040\000i\000m\000\040\000k\000r\000i\000t\000s\000c\000h\000e\000n\000\040\000A\000p\000p\000a\000r\000a\000t\000u\000s\000\040\000e\000t\000c\000.}{section.4}% 41
\BOOKMARK [1][-]{section.5}{Diplomatische\040Edition}{}% 42
\BOOKMARK [1][-]{section.6}{Kritische\040Edition}{}% 43
\BOOKMARK [2][-]{subsection.6.1}{\376\377\000d\000e\000h\000a\000s\000i\000d\000d\000h\000i\000-\000A\000b\000s\000c\000h\000n\000i\000t\000t\000\040\000G\000Y\001\132\000\040\0001\000-\0003\0002}{section.6}% 44
\BOOKMARK [2][-]{subsection.6.2}{\376\377\000d\000h\000y\001\001\000n\000a\000y\000o\000g\000a\000-\000A\000b\000s\000c\000h\000n\000i\000t\000t\000\040\000G\000Y\001\132\000\040\0003\0003\000-\0006\0005}{section.6}% 45
\BOOKMARK [1][-]{section.7}{\376\377\000\334\000b\000e\000r\000s\000e\000t\000z\000u\000n\000g}{}% 46
\BOOKMARK [2][-]{subsection.7.1}{\376\377\000d\000e\000h\000a\000s\000i\000d\000d\000h\000i\000-\000A\000b\000s\000c\000h\000n\000i\000t\000t\000\040\000\334\000b\000e\000r\000s\000e\000t\000z\000u\000n\000g\000\040\000G\000Y\001\132\000\040\0001\000-\0003\0002}{section.7}% 47
\BOOKMARK [2][-]{subsection.7.2}{\376\377\000d\000h\000y\001\001\000n\000a\000y\000o\000g\000a\000-\000A\000b\000s\000c\000h\000n\000i\000t\000t\000\040\000\334\000b\000e\000r\000s\000e\000t\000z\000u\000n\000g\000\040\000G\000Y\001\132\000\040\0003\0003\000-\0006\0005}{section.7}% 48
\BOOKMARK [1][-]{section.8}{Bibliographie}{}% 49
